2017-12-25 04:51:37.121  INFO 8576 --- [main] net.voovo.enote.EnoteApplication         : Starting EnoteApplication on yml-PC with PID 8576 (C:\WorkBox\git\enote\target\classes started by yml in C:\WorkBox\git\enote)
2017-12-25 04:51:37.183  INFO 8576 --- [main] net.voovo.enote.EnoteApplication         : No active profile set, falling back to default profiles: default
2017-12-25 04:51:37.360  INFO 8576 --- [main] ationConfigEmbeddedWebApplicationContext : Refreshing org.springframework.boot.context.embedded.AnnotationConfigEmbeddedWebApplicationContext@461ad730: startup date [Mon Dec 25 04:51:37 CST 2017]; root of context hierarchy
2017-12-25 04:51:38.329  INFO 8576 --- [main] s.b.c.e.t.TomcatEmbeddedServletContainer : Tomcat initialized with port(s): 80 (http)
2017-12-25 04:51:38.340  INFO 8576 --- [main] o.apache.catalina.core.StandardService   : Starting service [Tomcat]
2017-12-25 04:51:38.340  INFO 8576 --- [main] org.apache.catalina.core.StandardEngine  : Starting Servlet Engine: Apache Tomcat/8.5.23
2017-12-25 04:51:38.410  INFO 8576 --- [localhost-startStop-1] o.a.c.c.C.[Tomcat].[localhost].[/]       : Initializing Spring embedded WebApplicationContext
2017-12-25 04:51:38.410  INFO 8576 --- [localhost-startStop-1] o.s.web.context.ContextLoader            : Root WebApplicationContext: initialization completed in 1052 ms
2017-12-25 04:51:38.494  INFO 8576 --- [localhost-startStop-1] o.s.b.w.servlet.ServletRegistrationBean  : Mapping servlet: 'dispatcherServlet' to [/]
2017-12-25 04:51:38.498  INFO 8576 --- [localhost-startStop-1] o.s.b.w.servlet.FilterRegistrationBean   : Mapping filter: 'characterEncodingFilter' to: [/*]
2017-12-25 04:51:39.256  INFO 8576 --- [main] s.w.s.m.m.a.RequestMappingHandlerMapping : Mapped "{[/]}" onto public org.springframework.web.servlet.ModelAndView net.voovo.enote.controller.IndexController.index(org.springframework.ui.Model)
2017-12-25 04:51:39.260  INFO 8576 --- [main] s.w.s.m.m.a.RequestMappingHandlerMapping : Mapped "{[/addComment]}" onto public org.springframework.web.servlet.ModelAndView net.voovo.enote.controller.IndexController.addComment()
2017-12-25 04:51:39.267  INFO 8576 --- [main] s.w.s.m.m.a.RequestMappingHandlerMapping : Mapped "{[/error]}" onto public org.springframework.http.ResponseEntity<java.util.Map<java.lang.String, java.lang.Object>> org.springframework.boot.autoconfigure.web.BasicErrorController.error(javax.servlet.http.HttpServletRequest)
2017-12-25 04:51:39.267  INFO 8576 --- [main] s.w.s.m.m.a.RequestMappingHandlerMapping : Mapped "{[/error],produces=[text/html]}" onto public org.springframework.web.servlet.ModelAndView org.springframework.boot.autoconfigure.web.BasicErrorController.errorHtml(javax.servlet.http.HttpServletRequest,javax.servlet.http.HttpServletResponse)
2017-12-25 04:51:39.303  INFO 8576 --- [main] o.s.w.s.handler.SimpleUrlHandlerMapping  : Mapped URL path [/**] onto handler of type [class org.springframework.web.servlet.resource.ResourceHttpRequestHandler]
2017-12-25 04:51:39.342  INFO 8576 --- [main] s.w.s.m.m.a.RequestMappingHandlerAdapter : Looking for @ControllerAdvice: org.springframework.boot.context.embedded.AnnotationConfigEmbeddedWebApplicationContext@461ad730: startup date [Mon Dec 25 04:51:37 CST 2017]; root of context hierarchy
2017-12-25 04:51:39.646  INFO 8576 --- [main] o.s.w.s.v.f.FreeMarkerConfigurer         : ClassTemplateLoader for Spring macros added to FreeMarker configuration
2017-12-25 04:51:40.086  INFO 8576 --- [main] o.s.j.e.a.AnnotationMBeanExporter        : Registering beans for JMX exposure on startup
2017-12-25 04:51:40.182  INFO 8576 --- [main] s.b.c.e.t.TomcatEmbeddedServletContainer : Tomcat started on port(s): 80 (http)
2017-12-25 04:51:40.190  INFO 8576 --- [main] net.voovo.enote.EnoteApplication         : Started EnoteApplication in 3.276 seconds (JVM running for 4.935)
2017-12-25 04:52:02.632  INFO 8576 --- [http-nio-80-exec-1] o.a.c.c.C.[Tomcat].[localhost].[/]       : Initializing Spring FrameworkServlet 'dispatcherServlet'
2017-12-25 04:52:02.636  INFO 8576 --- [http-nio-80-exec-1] o.s.web.servlet.DispatcherServlet        : FrameworkServlet 'dispatcherServlet': initialization started
2017-12-25 04:52:02.657  INFO 8576 --- [http-nio-80-exec-1] o.s.web.servlet.DispatcherServlet        : FrameworkServlet 'dispatcherServlet': initialization completed in 17 ms
2017-12-25 04:59:35.726  INFO 8576 --- [RMI TCP Connection(2)-127.0.0.1] inMXBeanRegistrar$SpringApplicationAdmin : Application shutdown requested.
2017-12-25 04:59:35.727  INFO 8576 --- [RMI TCP Connection(2)-127.0.0.1] ationConfigEmbeddedWebApplicationContext : Closing org.springframework.boot.context.embedded.AnnotationConfigEmbeddedWebApplicationContext@461ad730: startup date [Mon Dec 25 04:51:37 CST 2017]; root of context hierarchy
2017-12-25 04:59:35.728  INFO 8576 --- [RMI TCP Connection(2)-127.0.0.1] o.s.j.e.a.AnnotationMBeanExporter        : Unregistering JMX-exposed beans on shutdown
2017-12-25 05:03:27.952  INFO 5020 --- [main] net.voovo.enote.EnoteApplication         : Starting EnoteApplication on yml-PC with PID 5020 (C:\WorkBox\git\enote\target\classes started by yml in C:\WorkBox\git\enote)
2017-12-25 05:03:27.954  INFO 5020 --- [main] net.voovo.enote.EnoteApplication         : No active profile set, falling back to default profiles: default
2017-12-25 05:03:28.095  INFO 5020 --- [main] ationConfigEmbeddedWebApplicationContext : Refreshing org.springframework.boot.context.embedded.AnnotationConfigEmbeddedWebApplicationContext@68c9133c: startup date [Mon Dec 25 05:03:28 CST 2017]; root of context hierarchy
2017-12-25 05:03:29.065  INFO 5020 --- [main] s.b.c.e.t.TomcatEmbeddedServletContainer : Tomcat initialized with port(s): 80 (http)
2017-12-25 05:03:29.076  INFO 5020 --- [main] o.apache.catalina.core.StandardService   : Starting service [Tomcat]
2017-12-25 05:03:29.077  INFO 5020 --- [main] org.apache.catalina.core.StandardEngine  : Starting Servlet Engine: Apache Tomcat/8.5.23
2017-12-25 05:03:29.139  INFO 5020 --- [localhost-startStop-1] o.a.c.c.C.[Tomcat].[localhost].[/]       : Initializing Spring embedded WebApplicationContext
2017-12-25 05:03:29.139  INFO 5020 --- [localhost-startStop-1] o.s.web.context.ContextLoader            : Root WebApplicationContext: initialization completed in 1046 ms
2017-12-25 05:03:29.223  INFO 5020 --- [localhost-startStop-1] o.s.b.w.servlet.ServletRegistrationBean  : Mapping servlet: 'dispatcherServlet' to [/]
2017-12-25 05:03:29.227  INFO 5020 --- [localhost-startStop-1] o.s.b.w.servlet.FilterRegistrationBean   : Mapping filter: 'characterEncodingFilter' to: [/*]
2017-12-25 05:03:29.920  INFO 5020 --- [main] s.w.s.m.m.a.RequestMappingHandlerMapping : Mapped "{[/]}" onto public org.springframework.web.servlet.ModelAndView net.voovo.enote.controller.IndexController.index(org.springframework.ui.Model)
2017-12-25 05:03:29.921  INFO 5020 --- [main] s.w.s.m.m.a.RequestMappingHandlerMapping : Mapped "{[/addComment]}" onto public org.springframework.web.servlet.ModelAndView net.voovo.enote.controller.IndexController.addComment()
2017-12-25 05:03:29.924  INFO 5020 --- [main] s.w.s.m.m.a.RequestMappingHandlerMapping : Mapped "{[/error]}" onto public org.springframework.http.ResponseEntity<java.util.Map<java.lang.String, java.lang.Object>> org.springframework.boot.autoconfigure.web.BasicErrorController.error(javax.servlet.http.HttpServletRequest)
2017-12-25 05:03:29.925  INFO 5020 --- [main] s.w.s.m.m.a.RequestMappingHandlerMapping : Mapped "{[/error],produces=[text/html]}" onto public org.springframework.web.servlet.ModelAndView org.springframework.boot.autoconfigure.web.BasicErrorController.errorHtml(javax.servlet.http.HttpServletRequest,javax.servlet.http.HttpServletResponse)
2017-12-25 05:03:29.957  INFO 5020 --- [main] o.s.w.s.handler.SimpleUrlHandlerMapping  : Mapped URL path [/**] onto handler of type [class org.springframework.web.servlet.resource.ResourceHttpRequestHandler]
2017-12-25 05:03:30.009  INFO 5020 --- [main] s.w.s.m.m.a.RequestMappingHandlerAdapter : Looking for @ControllerAdvice: org.springframework.boot.context.embedded.AnnotationConfigEmbeddedWebApplicationContext@68c9133c: startup date [Mon Dec 25 05:03:28 CST 2017]; root of context hierarchy
2017-12-25 05:03:30.338  INFO 5020 --- [main] o.s.w.s.v.f.FreeMarkerConfigurer         : ClassTemplateLoader for Spring macros added to FreeMarker configuration
2017-12-25 05:03:30.743  INFO 5020 --- [main] o.s.j.e.a.AnnotationMBeanExporter        : Registering beans for JMX exposure on startup
2017-12-25 05:03:30.788  INFO 5020 --- [main] s.b.c.e.t.TomcatEmbeddedServletContainer : Tomcat started on port(s): 80 (http)
2017-12-25 05:03:30.791  INFO 5020 --- [main] net.voovo.enote.EnoteApplication         : Started EnoteApplication in 3.033 seconds (JVM running for 3.564)
2017-12-25 05:03:41.470  INFO 5020 --- [http-nio-80-exec-1] o.a.c.c.C.[Tomcat].[localhost].[/]       : Initializing Spring FrameworkServlet 'dispatcherServlet'
2017-12-25 05:03:41.474  INFO 5020 --- [http-nio-80-exec-1] o.s.web.servlet.DispatcherServlet        : FrameworkServlet 'dispatcherServlet': initialization started
2017-12-25 05:03:41.491  INFO 5020 --- [http-nio-80-exec-1] o.s.web.servlet.DispatcherServlet        : FrameworkServlet 'dispatcherServlet': initialization completed in 13 ms
2017-12-25 05:35:02.097  INFO 5020 --- [RMI TCP Connection(2)-127.0.0.1] inMXBeanRegistrar$SpringApplicationAdmin : Application shutdown requested.
2017-12-25 05:35:02.097  INFO 5020 --- [RMI TCP Connection(2)-127.0.0.1] ationConfigEmbeddedWebApplicationContext : Closing org.springframework.boot.context.embedded.AnnotationConfigEmbeddedWebApplicationContext@68c9133c: startup date [Mon Dec 25 05:03:28 CST 2017]; root of context hierarchy
2017-12-25 05:35:02.098  INFO 5020 --- [RMI TCP Connection(2)-127.0.0.1] o.s.j.e.a.AnnotationMBeanExporter        : Unregistering JMX-exposed beans on shutdown
2017-12-25 05:35:08.999  INFO 9080 --- [main] net.voovo.enote.EnoteApplication         : Starting EnoteApplication on yml-PC with PID 9080 (C:\WorkBox\git\enote\target\classes started by yml in C:\WorkBox\git\enote)
2017-12-25 05:35:09.005  INFO 9080 --- [main] net.voovo.enote.EnoteApplication         : No active profile set, falling back to default profiles: default
2017-12-25 05:35:09.157  INFO 9080 --- [main] ationConfigEmbeddedWebApplicationContext : Refreshing org.springframework.boot.context.embedded.AnnotationConfigEmbeddedWebApplicationContext@68c9133c: startup date [Mon Dec 25 05:35:09 CST 2017]; root of context hierarchy
2017-12-25 05:35:10.124  INFO 9080 --- [main] s.b.c.e.t.TomcatEmbeddedServletContainer : Tomcat initialized with port(s): 80 (http)
2017-12-25 05:35:10.134  INFO 9080 --- [main] o.apache.catalina.core.StandardService   : Starting service [Tomcat]
2017-12-25 05:35:10.135  INFO 9080 --- [main] org.apache.catalina.core.StandardEngine  : Starting Servlet Engine: Apache Tomcat/8.5.23
2017-12-25 05:35:10.198  INFO 9080 --- [localhost-startStop-1] o.a.c.c.C.[Tomcat].[localhost].[/]       : Initializing Spring embedded WebApplicationContext
2017-12-25 05:35:10.198  INFO 9080 --- [localhost-startStop-1] o.s.web.context.ContextLoader            : Root WebApplicationContext: initialization completed in 1044 ms
2017-12-25 05:35:10.286  INFO 9080 --- [localhost-startStop-1] o.s.b.w.servlet.ServletRegistrationBean  : Mapping servlet: 'dispatcherServlet' to [/]
2017-12-25 05:35:10.290  INFO 9080 --- [localhost-startStop-1] o.s.b.w.servlet.FilterRegistrationBean   : Mapping filter: 'characterEncodingFilter' to: [/*]
2017-12-25 05:35:10.966  INFO 9080 --- [main] s.w.s.m.m.a.RequestMappingHandlerMapping : Mapped "{[/]}" onto public org.springframework.web.servlet.ModelAndView net.voovo.enote.controller.IndexController.index(org.springframework.ui.Model)
2017-12-25 05:35:10.966  INFO 9080 --- [main] s.w.s.m.m.a.RequestMappingHandlerMapping : Mapped "{[/addComment]}" onto public org.springframework.web.servlet.ModelAndView net.voovo.enote.controller.IndexController.addComment()
2017-12-25 05:35:10.970  INFO 9080 --- [main] s.w.s.m.m.a.RequestMappingHandlerMapping : Mapped "{[/error]}" onto public org.springframework.http.ResponseEntity<java.util.Map<java.lang.String, java.lang.Object>> org.springframework.boot.autoconfigure.web.BasicErrorController.error(javax.servlet.http.HttpServletRequest)
2017-12-25 05:35:10.970  INFO 9080 --- [main] s.w.s.m.m.a.RequestMappingHandlerMapping : Mapped "{[/error],produces=[text/html]}" onto public org.springframework.web.servlet.ModelAndView org.springframework.boot.autoconfigure.web.BasicErrorController.errorHtml(javax.servlet.http.HttpServletRequest,javax.servlet.http.HttpServletResponse)
2017-12-25 05:35:11.004  INFO 9080 --- [main] o.s.w.s.handler.SimpleUrlHandlerMapping  : Mapped URL path [/**] onto handler of type [class org.springframework.web.servlet.resource.ResourceHttpRequestHandler]
2017-12-25 05:35:11.059  INFO 9080 --- [main] s.w.s.m.m.a.RequestMappingHandlerAdapter : Looking for @ControllerAdvice: org.springframework.boot.context.embedded.AnnotationConfigEmbeddedWebApplicationContext@68c9133c: startup date [Mon Dec 25 05:35:09 CST 2017]; root of context hierarchy
2017-12-25 05:35:11.342  INFO 9080 --- [main] o.s.w.s.v.f.FreeMarkerConfigurer         : ClassTemplateLoader for Spring macros added to FreeMarker configuration
2017-12-25 05:35:11.759  INFO 9080 --- [main] o.s.j.e.a.AnnotationMBeanExporter        : Registering beans for JMX exposure on startup
2017-12-25 05:35:11.805  INFO 9080 --- [main] s.b.c.e.t.TomcatEmbeddedServletContainer : Tomcat started on port(s): 80 (http)
2017-12-25 05:35:11.808  INFO 9080 --- [main] net.voovo.enote.EnoteApplication         : Started EnoteApplication in 3.009 seconds (JVM running for 3.563)
2017-12-25 05:35:14.992  INFO 9080 --- [RMI TCP Connection(2)-127.0.0.1] inMXBeanRegistrar$SpringApplicationAdmin : Application shutdown requested.
2017-12-25 05:35:14.996  INFO 9080 --- [RMI TCP Connection(2)-127.0.0.1] ationConfigEmbeddedWebApplicationContext : Closing org.springframework.boot.context.embedded.AnnotationConfigEmbeddedWebApplicationContext@68c9133c: startup date [Mon Dec 25 05:35:09 CST 2017]; root of context hierarchy
2017-12-25 05:35:15.001  INFO 9080 --- [RMI TCP Connection(2)-127.0.0.1] o.s.j.e.a.AnnotationMBeanExporter        : Unregistering JMX-exposed beans on shutdown
